d:\myprojects\test game\inventorygame\inventorygame\debug\inventorygame.pch
d:\myprojects\test game\inventorygame\inventorygame\debug\vc120.pdb
d:\myprojects\test game\inventorygame\inventorygame\debug\vc120.idb
d:\myprojects\test game\inventorygame\inventorygame\debug\stdafx.obj
d:\myprojects\test game\inventorygame\inventorygame\debug\dropabletable.obj
d:\myprojects\test game\inventorygame\inventorygame\debug\gamewindow.obj
d:\myprojects\test game\inventorygame\inventorygame\debug\inventorygame.obj
d:\myprojects\test game\inventorygame\inventorygame\debug\sqlmodule.obj
d:\myprojects\test game\inventorygame\inventorygame\debug\subject.obj
d:\myprojects\test game\inventorygame\inventorygame\debug\moc_gamewindow.obj
d:\myprojects\test game\inventorygame\inventorygame\ui_gamewindow.h
d:\myprojects\test game\inventorygame\inventorygame\moc_gamewindow.cpp
d:\myprojects\test game\inventorygame\inventorygame\inventoryresource.rcc
d:\myprojects\test game\inventorygame\debug\inventorygame.ilk
d:\myprojects\test game\inventorygame\debug\inventorygame.exe
d:\myprojects\test game\inventorygame\debug\inventorygame.pdb
d:\myprojects\test game\inventorygame\inventorygame\debug\inventorygame.tlog\cl.command.1.tlog
d:\myprojects\test game\inventorygame\inventorygame\debug\inventorygame.tlog\cl.read.1.tlog
d:\myprojects\test game\inventorygame\inventorygame\debug\inventorygame.tlog\cl.write.1.tlog
d:\myprojects\test game\inventorygame\inventorygame\debug\inventorygame.tlog\custombuild.command.1.tlog
d:\myprojects\test game\inventorygame\inventorygame\debug\inventorygame.tlog\custombuild.read.1.tlog
d:\myprojects\test game\inventorygame\inventorygame\debug\inventorygame.tlog\custombuild.write.1.tlog
d:\myprojects\test game\inventorygame\inventorygame\debug\inventorygame.tlog\link.command.1.tlog
d:\myprojects\test game\inventorygame\inventorygame\debug\inventorygame.tlog\link.read.1.tlog
d:\myprojects\test game\inventorygame\inventorygame\debug\inventorygame.tlog\link.write.1.tlog
